<?xml version="1.0" encoding="UTF-8"?>
<!-- Generated by org.testng.reporters.JUnitReportReporter -->
<testsuite ignored="0" hostname="HDFFRANCISCOAA" failures="0" tests="1" name="prueba.pruebaTest" time="7.694" errors="0" timestamp="20 ene. 2024 19:19:26 GMT" skipped="0">
  <testcase classname="prueba.pruebaTest" name="f" time="7.694"/>
</testsuite> <!-- prueba.pruebaTest -->
