<?xml version="1.0" encoding="UTF-8"?>
<!-- Generated by org.testng.reporters.JUnitReportReporter -->
<testsuite ignored="0" hostname="HDFFRANCISCOAA" failures="0" tests="1" name="prueba.pruebaTest" time="4.359" errors="0" timestamp="22 ene. 2024 17:11:57 GMT" skipped="0">
  <testcase classname="prueba.pruebaTest" name="f" time="4.359"/>
</testsuite> <!-- prueba.pruebaTest -->
